<?xml version="1.0" encoding="UTF-8"?>
<testng-results skipped="0" failed="1" total="2" passed="1">
  <reporter-output>
    <line>
      <![CDATA[Starting End to End Test case for Branch ]]>
    </line>
    <line>
      <![CDATA[Succesffuly completed ]]>
    </line>
    <line>
      <![CDATA[Starting End to End Test case for Staff ]]>
    </line>
  </reporter-output>
  <suite name="Gurukal" duration-ms="88911" started-at="2015-07-26T18:10:05Z" finished-at="2015-07-26T18:11:33Z">
    <groups>
    </groups>
    <test name="basictest" duration-ms="88911" started-at="2015-07-26T18:10:05Z" finished-at="2015-07-26T18:11:33Z">
      <class name="test.EndtoEndTestcase">
        <test-method status="PASS" signature="setup(java.lang.String)[pri:0, instance:test.EndtoEndTestcase@203ea1]" name="setup" is-config="true" duration-ms="8794" started-at="2015-07-26T20:10:05Z" finished-at="2015-07-26T20:10:13Z">
          <params>
            <param index="0">
              <value>
                <![CDATA[firefox]]>
              </value>
            </param>
          </params>
          <reporter-output>
          </reporter-output>
        </test-method> <!-- setup -->
        <test-method status="PASS" signature="verify_End_to_End_Branch(java.lang.String, java.lang.String, java.lang.String)[pri:0, instance:test.EndtoEndTestcase@203ea1]" name="verify_End_to_End_Branch" duration-ms="38818" started-at="2015-07-26T20:10:13Z" finished-at="2015-07-26T20:10:52Z">
          <params>
            <param index="0">
              <value>
                <![CDATA[admin]]>
              </value>
            </param>
            <param index="1">
              <value>
                <![CDATA[admin]]>
              </value>
            </param>
            <param index="2">
              <value>
                <![CDATA[1]]>
              </value>
            </param>
          </params>
          <reporter-output>
            <line>
              <![CDATA[Starting End to End Test case for Branch ]]>
            </line>
            <line>
              <![CDATA[Succesffuly completed ]]>
            </line>
          </reporter-output>
        </test-method> <!-- verify_End_to_End_Branch -->
        <test-method status="PASS" signature="tearDown()[pri:0, instance:test.EndtoEndTestcase@203ea1]" name="tearDown" is-config="true" duration-ms="21" started-at="2015-07-26T20:10:52Z" finished-at="2015-07-26T20:10:52Z">
          <reporter-output>
          </reporter-output>
        </test-method> <!-- tearDown -->
        <test-method status="PASS" signature="setup(java.lang.String)[pri:0, instance:test.EndtoEndTestcase@203ea1]" name="setup" is-config="true" duration-ms="6135" started-at="2015-07-26T20:10:52Z" finished-at="2015-07-26T20:10:58Z">
          <params>
            <param index="0">
              <value>
                <![CDATA[firefox]]>
              </value>
            </param>
          </params>
          <reporter-output>
          </reporter-output>
        </test-method> <!-- setup -->
        <test-method status="FAIL" signature="verify_End_to_End_staff(java.lang.String, java.lang.String, java.lang.String)[pri:0, instance:test.EndtoEndTestcase@203ea1]" name="verify_End_to_End_staff" duration-ms="35103" started-at="2015-07-26T20:10:58Z" finished-at="2015-07-26T20:11:33Z">
          <params>
            <param index="0">
              <value>
                <![CDATA[admin]]>
              </value>
            </param>
            <param index="1">
              <value>
                <![CDATA[admin]]>
              </value>
            </param>
            <param index="2">
              <value>
                <![CDATA[1]]>
              </value>
            </param>
          </params>
          <exception class="org.openqa.selenium.NoSuchElementException">
            <message>
              <![CDATA[Cannot locate option with index: 10
For documentation on this error, please visit: http://seleniumhq.org/exceptions/no_such_element.html
Build info: version: '2.46.0', revision: '87c69e2', time: '2015-06-04 16:17:10'
System info: host: 'TVMKVM120723L', ip: '192.168.1.48', os.name: 'Windows 7', os.arch: 'x86', os.version: '6.1', java.version: '1.8.0_51'
Driver info: driver.version: unknown]]>
            </message>
            <full-stacktrace>
              <![CDATA[org.openqa.selenium.NoSuchElementException: Cannot locate option with index: 10
For documentation on this error, please visit: http://seleniumhq.org/exceptions/no_such_element.html
Build info: version: '2.46.0', revision: '87c69e2', time: '2015-06-04 16:17:10'
System info: host: 'TVMKVM120723L', ip: '192.168.1.48', os.name: 'Windows 7', os.arch: 'x86', os.version: '6.1', java.version: '1.8.0_51'
Driver info: driver.version: unknown
	at org.openqa.selenium.support.ui.Select.selectByIndex(Select.java:187)
	at pages.branch_staff_Page.addstaff(branch_staff_Page.java:49)
	at test.EndtoEndTestcase.verify_End_to_End_staff(EndtoEndTestcase.java:119)
	at sun.reflect.NativeMethodAccessorImpl.invoke0(Native Method)
	at sun.reflect.NativeMethodAccessorImpl.invoke(Unknown Source)
	at sun.reflect.DelegatingMethodAccessorImpl.invoke(Unknown Source)
	at java.lang.reflect.Method.invoke(Unknown Source)
	at org.testng.internal.MethodInvocationHelper.invokeMethod(MethodInvocationHelper.java:84)
	at org.testng.internal.Invoker.invokeMethod(Invoker.java:714)
	at org.testng.internal.Invoker.invokeTestMethod(Invoker.java:901)
	at org.testng.internal.Invoker.invokeTestMethods(Invoker.java:1231)
	at org.testng.internal.TestMethodWorker.invokeTestMethods(TestMethodWorker.java:127)
	at org.testng.internal.TestMethodWorker.run(TestMethodWorker.java:111)
	at org.testng.TestRunner.privateRun(TestRunner.java:767)
	at org.testng.TestRunner.run(TestRunner.java:617)
	at org.testng.SuiteRunner.runTest(SuiteRunner.java:334)
	at org.testng.SuiteRunner.runSequentially(SuiteRunner.java:329)
	at org.testng.SuiteRunner.privateRun(SuiteRunner.java:291)
	at org.testng.SuiteRunner.run(SuiteRunner.java:240)
	at org.testng.SuiteRunnerWorker.runSuite(SuiteRunnerWorker.java:52)
	at org.testng.SuiteRunnerWorker.run(SuiteRunnerWorker.java:86)
	at org.testng.TestNG.runSuitesSequentially(TestNG.java:1224)
	at org.testng.TestNG.runSuitesLocally(TestNG.java:1149)
	at org.testng.TestNG.run(TestNG.java:1057)
	at org.testng.remote.RemoteTestNG.run(RemoteTestNG.java:111)
	at org.testng.remote.RemoteTestNG.initAndRun(RemoteTestNG.java:204)
	at org.testng.remote.RemoteTestNG.main(RemoteTestNG.java:175)
]]>
            </full-stacktrace>
          </exception> <!-- org.openqa.selenium.NoSuchElementException -->
          <reporter-output>
            <line>
              <![CDATA[Starting End to End Test case for Staff ]]>
            </line>
          </reporter-output>
        </test-method> <!-- verify_End_to_End_staff -->
        <test-method status="PASS" signature="tearDown()[pri:0, instance:test.EndtoEndTestcase@203ea1]" name="tearDown" is-config="true" duration-ms="14" started-at="2015-07-26T20:11:33Z" finished-at="2015-07-26T20:11:33Z">
          <reporter-output>
          </reporter-output>
        </test-method> <!-- tearDown -->
      </class> <!-- test.EndtoEndTestcase -->
    </test> <!-- basictest -->
  </suite> <!-- Gurukal -->
</testng-results>
